\BOOKMARK [0][-]{title.0}{封面}{}% 1
\BOOKMARK [0][-]{chapter*.1}{摘要}{}% 2
\BOOKMARK [0][-]{chapter*.2}{ABSTRACT}{}% 3
\BOOKMARK [0][-]{toc.0}{目录}{}% 4
\BOOKMARK [0][-]{chapter.1}{MNIST手写数字数据集}{}% 5
\BOOKMARK [0][-]{chapter.2}{MNIST数据集的分类算法比较}{}% 6
\BOOKMARK [0][-]{chapter.3}{基于多层感知机网络的分类算法}{}% 7
\BOOKMARK [1][-]{section.3.1}{感知机}{chapter.3}% 8
\BOOKMARK [1][-]{section.3.2}{多层感知机网络}{chapter.3}% 9
\BOOKMARK [1][-]{section.3.3}{正向传播算法}{chapter.3}% 10
\BOOKMARK [2][-]{subsection.3.3.1}{输入数据的预处理}{section.3.3}% 11
\BOOKMARK [2][-]{subsection.3.3.2}{输入数据的正向传播}{section.3.3}% 12
\BOOKMARK [2][-]{subsection.3.3.3}{误差估计}{section.3.3}% 13
\BOOKMARK [1][-]{section.3.4}{反向传播算法}{chapter.3}% 14
\BOOKMARK [2][-]{subsection.3.4.1}{隐含层到输出层边权的权值更新}{section.3.4}% 15
\BOOKMARK [2][-]{subsection.3.4.2}{输出层偏置的权值更新}{section.3.4}% 16
\BOOKMARK [0][-]{section*.6}{参考文献}{}% 17
\BOOKMARK [0][-]{chapter*.8}{致谢}{}% 18
\BOOKMARK [0][-]{appendix.A}{测试}{}% 19
\BOOKMARK [1][-]{section.A.1}{第一个测试}{appendix.A}% 20
\BOOKMARK [0][-]{appendix.B}{附录测试}{}% 21
\BOOKMARK [0][-]{appendix.C}{附录测试}{}% 22
